c:\users\diane\source\repos\linematchgame\debug\vc143.pdb
c:\users\diane\source\repos\linematchgame\debug\vc143.idb
c:\users\diane\source\repos\linematchgame\debug\main.obj
c:\users\diane\source\repos\linematchgame\debug\arial.ttf
c:\users\diane\source\repos\linematchgame\debug\block.png
c:\users\diane\source\repos\linematchgame\debug\sfml-graphics-d-2.dll
c:\users\diane\source\repos\linematchgame\debug\sfml-window-d-2.dll
c:\users\diane\source\repos\linematchgame\debug\sfml-system-d-2.dll
c:\users\diane\source\repos\linematchgame\debug\freetyped.dll
c:\users\diane\source\repos\linematchgame\debug\zlibd1.dll
c:\users\diane\source\repos\linematchgame\debug\bz2d.dll
c:\users\diane\source\repos\linematchgame\debug\libpng16d.dll
c:\users\diane\source\repos\linematchgame\debug\brotlidec.dll
c:\users\diane\source\repos\linematchgame\debug\brotlicommon.dll
c:\users\diane\source\repos\linematchgame\debug\linematchgame.exe
c:\users\diane\source\repos\linematchgame\debug\linematchgame.ilk
c:\users\diane\source\repos\linematchgame\debug\linematchgame.pdb
c:\users\diane\source\repos\linematchgame\debug\linematchgame.tlog\cl.command.1.tlog
c:\users\diane\source\repos\linematchgame\debug\linematchgame.tlog\cl.read.1.tlog
c:\users\diane\source\repos\linematchgame\debug\linematchgame.tlog\cl.write.1.tlog
c:\users\diane\source\repos\linematchgame\debug\linematchgame.tlog\copyfile.command.1.tlog
c:\users\diane\source\repos\linematchgame\debug\linematchgame.tlog\copyfile.read.1.tlog
c:\users\diane\source\repos\linematchgame\debug\linematchgame.tlog\copyfile.write.1.tlog
c:\users\diane\source\repos\linematchgame\debug\linematchgame.tlog\linematchgame.write.1u.tlog
c:\users\diane\source\repos\linematchgame\debug\linematchgame.tlog\link.command.1.tlog
c:\users\diane\source\repos\linematchgame\debug\linematchgame.tlog\link.read.1.tlog
c:\users\diane\source\repos\linematchgame\debug\linematchgame.tlog\link.write.1.tlog
